<?xml version="1.0" encoding="UTF-8"?>
<!-- Generated by org.testng.reporters.JUnitXMLReporter -->
<testsuite ignored="4" hostname="VISAI00215L" failures="2" tests="15" name="API Tests - Version 3" time="39.379" errors="0" timestamp="2023-09-08T19:38:10 IST">
  <testcase classname="v3.Get.api.GenerateAPIAccessToken" name="Unauthorized" time="1.427"/>
  <testcase classname="v3.Get.api.GenerateAPIAccessToken" name="accesstokenandrefereshtoken" time="1.481"/>
  <testcase classname="v3.Get.api.GetAllMeasurementDatabySKU" name="SkipFailureIsFalse" time="1.604"/>
  <testcase classname="v3.Get.api.GetAllMeasurementDatabySKU" name="SkipFailureIsTrue" time="1.37"/>
  <testcase classname="v3.Get.api.GetAllMeasurementDatabySKU" name="badRequestmultiplescenario" time="1.375"/>
  <testcase classname="v3.Get.api.GetAllMeasurementDatabySKU" name="badRequestmultiplescenario1" time="1.536"/>
  <testcase classname="v3.Get.api.GetAllMeasurementDatabySKU" name="lessThanStartDate" time="1.33"/>
  <testcase classname="v3.Get.api.GetAllMeasurementDatabySKU" name="noMeasurement" time="0.0">
    <failure type="org.testng.TestNGException" message="
Cannot inject @Test annotated Method [noMeasurement] with [class java.lang.String].
For more information on native dependency injection please refer to https://testng.org/doc/documentation-main.html#native-dependency-injection">
      <![CDATA[org.testng.TestNGException: 
Cannot inject @Test annotated Method [noMeasurement] with [class java.lang.String].
For more information on native dependency injection please refer to https://testng.org/doc/documentation-main.html#native-dependency-injection
at java.base/java.util.ArrayList.forEach(ArrayList.java:1511)
... Removed 26 stack frames]]>
    </failure>
  </testcase> <!-- noMeasurement -->
  <testcase classname="v3.Get.api.GetAllMeasurementDatabySKU" name="unauthorizedWithMultipeScenarious" time="1.368"/>
  <testcase classname="v3.Get.api.GetAllMeasurementDatabySKU" name="verifySkuId" time="1.508"/>
  <testcase classname="v3.Get.api.GetAllMeasurementDatabySKU" name="verifylegacyFormat" time="1.428"/>
  <testcase classname="v3.Get.api.GetAllMeasurementDatabySKU" name="verifystandardFormat" time="1.4"/>
  <testcase classname="v3.Get.api.GetMeasurementArtifactImage" name="Get_Measurement_Artifact_Image_v3" time="11.91"/>
  <testcase classname="v3.Get.api.DownloadMeasurementArtifactImages" name="Download_Measurement_Artifact_Images_v3" time="5.664"/>
  <testcase classname="v3.Get.api.LiveMeasurementCheck" name="liveMeasurementCheck200status" time="5.957">
    <failure type="java.lang.AssertionError" message="expected [suzume] but found [123456]">
      <![CDATA[java.lang.AssertionError: expected [suzume] but found [123456]
at v3.Get.api.LiveMeasurementCheck.liveMeasurementCheck200status(LiveMeasurementCheck.java:63)
at java.base/java.util.ArrayList.forEach(ArrayList.java:1511)
... Removed 33 stack frames]]>
    </failure>
  </testcase> <!-- liveMeasurementCheck200status -->
  <testcase classname="v3.Get.api.GenerateNewAccessToken" name="newaccesstoken" time="0.0">
    <ignored/>
  </testcase> <!-- newaccesstoken -->
  <testcase classname="v3.Get.api.GenerateNewAccessToken" name="Unauthorized" time="0.0">
    <ignored/>
  </testcase> <!-- Unauthorized -->
  <testcase classname="v3.Get.api.DeleteAccessandRefreshToken" name="deletetoken" time="0.0">
    <ignored/>
  </testcase> <!-- deletetoken -->
  <testcase classname="v3.Get.api.DeleteAccessandRefreshToken" name="Unauthorized" time="0.0">
    <ignored/>
  </testcase> <!-- Unauthorized -->
</testsuite> <!-- API Tests - Version 3 -->
