<?xml version="1.0" encoding="UTF-8"?>
<!-- Generated by org.testng.reporters.JUnitXMLReporter -->
<testsuite ignored="3" hostname="VISAI00215L" failures="4" tests="17" name="API Tests - Version 2" time="32.439" errors="0" timestamp="2023-09-06T13:15:50 IST">
  <testcase classname="v2.Get.api.GetMeasurementDataById" name="assertJsonfileToResponseBody" time="1.313">
    <failure type="java.lang.AssertionError" message="Date value for key &amp;apos;scanned_time&amp;apos; does not match the expected value.">
      <![CDATA[java.lang.AssertionError: Date value for key 'scanned_time' does not match the expected value.
at v2.Get.api.GetMeasurementDataById.compareResponseWithExternalData(GetMeasurementDataById.java:139)
at v2.Get.api.GetMeasurementDataById.assertJsonfileToResponseBody(GetMeasurementDataById.java:58)
at java.base/java.util.ArrayList.forEach(ArrayList.java:1511)
... Removed 28 stack frames]]>
    </failure>
  </testcase> <!-- assertJsonfileToResponseBody -->
  <testcase classname="v2.Get.api.GetMeasurementDataById" name="verifybadRequest" time="3.018"/>
  <testcase classname="v2.Get.api.GetMeasurementDataById" name="verifyunauthorized" time="2.861"/>
  <testcase classname="v2.Get.api.GetMeasurementDatabyRange" name="assertthedaterange" time="1.572"/>
  <testcase classname="v2.Get.api.GetMeasurementDatabyRange" name="assertTheIdRange" time="1.515">
    <failure type="java.lang.AssertionError" message="expected [200] but found [404]">
      <![CDATA[java.lang.AssertionError: expected [200] but found [404]
at v2.Get.api.GetMeasurementDatabyRange.assertTheIdRange(GetMeasurementDatabyRange.java:149)
at java.base/java.util.ArrayList.forEach(ArrayList.java:1511)
... Removed 34 stack frames]]>
    </failure>
  </testcase> <!-- assertTheIdRange -->
  <testcase classname="v2.Get.api.GetMeasurementDatabyRange" name="invalidRangeValue" time="1.428"/>
  <testcase classname="v2.Get.api.GetMeasurementDatabyRange" name="invalidFromOrToValue" time="5.718"/>
  <testcase classname="v2.Get.api.GetMeasurementDatabyRange" name="Unauthorized" time="2.763"/>
  <testcase classname="v2.Get.api.LatestMeasurementImage" name="Latestmeasurementimage" time="1.993"/>
  <testcase classname="v2.Get.api.LatestMeasurementImage" name="Unauthorized" time="1.585"/>
  <testcase classname="v2.Get.api.LatestMeasurementImage" name="notFound" time="1.423"/>
  <testcase classname="v2.Get.api.ListMeasurementIDandDates" name="Notfound" time="1.278"/>
  <testcase classname="v2.Get.api.ListMeasurementIDandDates" name="ScanIdList" time="1.398"/>
  <testcase classname="v2.Get.api.ListMeasurementIDandDates" name="Unauthorized" time="1.436"/>
  <testcase classname="v2.Get.api.MeasurementImagebyID" name="VeridyTheIdByImage" time="1.518">
    <failure type="java.lang.AssertionError" message="expected [200] but found [404]">
      <![CDATA[java.lang.AssertionError: expected [200] but found [404]
at credentails.CommonMethods.extractValuesFromImage(CommonMethods.java:95)
at v2.Get.api.MeasurementImagebyID.VeridyTheIdByImage(MeasurementImagebyID.java:29)
at java.base/java.util.ArrayList.forEach(ArrayList.java:1511)
... Removed 34 stack frames]]>
    </failure>
  </testcase> <!-- VeridyTheIdByImage -->
  <testcase classname="v2.Get.api.MeasurementImagebyID" name="testNoImageFound" time="0.0">
    <failure type="org.testng.TestNGException" message="
Parameter &amp;apos;InvalidImageId&amp;apos; is required by @Test on method testNoImageFound but has not been marked @Optional or defined
in /home/usha/Music/WebserviceAutomation/testng.xml">
      <![CDATA[org.testng.TestNGException: 
Parameter 'InvalidImageId' is required by @Test on method testNoImageFound but has not been marked @Optional or defined
in /home/usha/Music/WebserviceAutomation/testng.xml
at java.base/java.util.ArrayList.forEach(ArrayList.java:1511)
... Removed 26 stack frames]]>
    </failure>
  </testcase> <!-- testNoImageFound -->
  <testcase classname="v2.Get.api.MeasurementImagebyID" name="Unauthorized" time="1.578"/>
  <testcase classname="v2.Get.api.GetMeasurementDataBySku" name="badRequestWithMultipeScenarious" time="0.0">
    <ignored/>
  </testcase> <!-- badRequestWithMultipeScenarious -->
  <testcase classname="v2.Get.api.GetMeasurementDataBySku" name="assertTheExteranlJsonToResponseBodyAndStatusCode" time="0.0">
    <ignored/>
  </testcase> <!-- assertTheExteranlJsonToResponseBodyAndStatusCode -->
  <testcase classname="v2.Get.api.GetMeasurementDataBySku" name="unauthorizedWithMultipeScenarious" time="0.0">
    <ignored/>
  </testcase> <!-- unauthorizedWithMultipeScenarious -->
</testsuite> <!-- API Tests - Version 2 -->
