<html>
<head>
<title>TestNG:  API Tests - Version 2</title>
<link href="../testng.css" rel="stylesheet" type="text/css" />
<link href="../my-testng.css" rel="stylesheet" type="text/css" />

<style type="text/css">
.log { display: none;} 
.stack-trace { display: none;} 
</style>
<script type="text/javascript">
<!--
function flip(e) {
  current = e.style.display;
  if (current == 'block') {
    e.style.display = 'none';
    return 0;
  }
  else {
    e.style.display = 'block';
    return 1;
  }
}

function toggleBox(szDivId, elem, msg1, msg2)
{
  var res = -1;  if (document.getElementById) {
    res = flip(document.getElementById(szDivId));
  }
  else if (document.all) {
    // this is the way old msie versions work
    res = flip(document.all[szDivId]);
  }
  if(elem) {
    if(res == 0) elem.innerHTML = msg1; else elem.innerHTML = msg2;
  }

}

function toggleAllBoxes() {
  if (document.getElementsByTagName) {
    d = document.getElementsByTagName('div');
    for (i = 0; i < d.length; i++) {
      if (d[i].className == 'log') {
        flip(d[i]);
      }
    }
  }
}

// -->
</script>

</head>
<body>
<h2 align='center'>API Tests - Version 2</h2><table border='1' align="center">
<tr>
<td>Tests passed/Failed/Skipped:</td><td>13/4/0</td>
</tr><tr>
<td>Started on:</td><td>Wed Sep 06 13:15:17 IST 2023</td>
</tr>
<tr><td>Total time:</td><td>32 seconds (32439 ms)</td>
</tr><tr>
<td>Included groups:</td><td></td>
</tr><tr>
<td>Excluded groups:</td><td></td>
</tr>
</table><p/>
<small><i>(Hover the method name to see the test class name)</i></small><p/>
<table width='100%' border='1' class='invocation-failed'>
<tr><td colspan='4' align='center'><b>FAILED TESTS</b></td></tr>
<tr><td><b>Test method</b></td>
<td><b>Attribute(s)</b></td>
<td width="30%"><b>Exception</b></td>
<td width="10%"><b>Time (seconds)</b></td>
<td><b>Instance</b></td>
</tr>
<tr>
<td title='v2.Get.api.GetMeasurementDatabyRange.assertTheIdRange()'><b>assertTheIdRange</b><br>Test class: v2.Get.api.GetMeasurementDatabyRange</td>
<td><div><pre>java.lang.AssertionError: expected [200] but found [404]
	at v2.Get.api.GetMeasurementDatabyRange.assertTheIdRange(GetMeasurementDatabyRange.java:149)
	at java.base/java.util.ArrayList.forEach(ArrayList.java:1511)
... Removed 34 stack frames</pre></div><a href='#' onClick='toggleBox("stack-trace1863834886", this, "Click to show all stack frames", "Click to hide stack frames")'>Click to show all stack frames</a>
<div class='stack-trace' id='stack-trace1863834886'><pre>java.lang.AssertionError: expected [200] but found [404]
	at org.testng.Assert.fail(Assert.java:111)
	at org.testng.Assert.failNotEquals(Assert.java:1578)
	at org.testng.Assert.assertEqualsImpl(Assert.java:150)
	at org.testng.Assert.assertEquals(Assert.java:132)
	at org.testng.Assert.assertEquals(Assert.java:1419)
	at org.testng.Assert.assertEquals(Assert.java:1383)
	at org.testng.Assert.assertEquals(Assert.java:1429)
	at v2.Get.api.GetMeasurementDatabyRange.assertTheIdRange(GetMeasurementDatabyRange.java:149)
	at java.base/jdk.internal.reflect.NativeMethodAccessorImpl.invoke0(Native Method)
	at java.base/jdk.internal.reflect.NativeMethodAccessorImpl.invoke(NativeMethodAccessorImpl.java:77)
	at java.base/jdk.internal.reflect.DelegatingMethodAccessorImpl.invoke(DelegatingMethodAccessorImpl.java:43)
	at java.base/java.lang.reflect.Method.invoke(Method.java:568)
	at org.testng.internal.invokers.MethodInvocationHelper.invokeMethod(MethodInvocationHelper.java:139)
	at org.testng.internal.invokers.TestInvoker.invokeMethod(TestInvoker.java:664)
	at org.testng.internal.invokers.TestInvoker.invokeTestMethod(TestInvoker.java:227)
	at org.testng.internal.invokers.MethodRunner.runInSequence(MethodRunner.java:50)
	at org.testng.internal.invokers.TestInvoker$MethodInvocationAgent.invoke(TestInvoker.java:957)
	at org.testng.internal.invokers.TestInvoker.invokeTestMethods(TestInvoker.java:200)
	at org.testng.internal.invokers.TestMethodWorker.invokeTestMethods(TestMethodWorker.java:148)
	at org.testng.internal.invokers.TestMethodWorker.run(TestMethodWorker.java:128)
	at java.base/java.util.ArrayList.forEach(ArrayList.java:1511)
	at org.testng.TestRunner.privateRun(TestRunner.java:848)
	at org.testng.TestRunner.run(TestRunner.java:621)
	at org.testng.SuiteRunner.runTest(SuiteRunner.java:443)
	at org.testng.SuiteRunner.runSequentially(SuiteRunner.java:437)
	at org.testng.SuiteRunner.privateRun(SuiteRunner.java:397)
	at org.testng.SuiteRunner.run(SuiteRunner.java:336)
	at org.testng.SuiteRunnerWorker.runSuite(SuiteRunnerWorker.java:52)
	at org.testng.SuiteRunnerWorker.run(SuiteRunnerWorker.java:95)
	at org.testng.TestNG.runSuitesSequentially(TestNG.java:1280)
	at org.testng.TestNG.runSuitesLocally(TestNG.java:1200)
	at org.testng.TestNG.runSuites(TestNG.java:1114)
	at org.testng.TestNG.run(TestNG.java:1082)
	at org.testng.remote.AbstractRemoteTestNG.run(AbstractRemoteTestNG.java:115)
	at org.testng.remote.RemoteTestNG.initAndRun(RemoteTestNG.java:251)
	at org.testng.remote.RemoteTestNG.main(RemoteTestNG.java:77)
</pre></div></td>
<td>1</td>
<td>v2.Get.api.GetMeasurementDatabyRange@34129c78</td></tr>
<tr>
<td title='v2.Get.api.MeasurementImagebyID.VeridyTheIdByImage()'><b>VeridyTheIdByImage</b><br>Test class: v2.Get.api.MeasurementImagebyID</td>
<td><div><pre>java.lang.AssertionError: expected [200] but found [404]
	at credentails.CommonMethods.extractValuesFromImage(CommonMethods.java:95)
	at v2.Get.api.MeasurementImagebyID.VeridyTheIdByImage(MeasurementImagebyID.java:29)
	at java.base/java.util.ArrayList.forEach(ArrayList.java:1511)
... Removed 34 stack frames</pre></div><a href='#' onClick='toggleBox("stack-trace1519998011", this, "Click to show all stack frames", "Click to hide stack frames")'>Click to show all stack frames</a>
<div class='stack-trace' id='stack-trace1519998011'><pre>java.lang.AssertionError: expected [200] but found [404]
	at org.testng.Assert.fail(Assert.java:111)
	at org.testng.Assert.failNotEquals(Assert.java:1578)
	at org.testng.Assert.assertEqualsImpl(Assert.java:150)
	at org.testng.Assert.assertEquals(Assert.java:132)
	at org.testng.Assert.assertEquals(Assert.java:1419)
	at org.testng.Assert.assertEquals(Assert.java:1383)
	at org.testng.Assert.assertEquals(Assert.java:1429)
	at credentails.CommonMethods.extractValuesFromImage(CommonMethods.java:95)
	at v2.Get.api.MeasurementImagebyID.VeridyTheIdByImage(MeasurementImagebyID.java:29)
	at java.base/jdk.internal.reflect.NativeMethodAccessorImpl.invoke0(Native Method)
	at java.base/jdk.internal.reflect.NativeMethodAccessorImpl.invoke(NativeMethodAccessorImpl.java:77)
	at java.base/jdk.internal.reflect.DelegatingMethodAccessorImpl.invoke(DelegatingMethodAccessorImpl.java:43)
	at java.base/java.lang.reflect.Method.invoke(Method.java:568)
	at org.testng.internal.invokers.MethodInvocationHelper.invokeMethod(MethodInvocationHelper.java:139)
	at org.testng.internal.invokers.TestInvoker.invokeMethod(TestInvoker.java:664)
	at org.testng.internal.invokers.TestInvoker.invokeTestMethod(TestInvoker.java:227)
	at org.testng.internal.invokers.MethodRunner.runInSequence(MethodRunner.java:50)
	at org.testng.internal.invokers.TestInvoker$MethodInvocationAgent.invoke(TestInvoker.java:957)
	at org.testng.internal.invokers.TestInvoker.invokeTestMethods(TestInvoker.java:200)
	at org.testng.internal.invokers.TestMethodWorker.invokeTestMethods(TestMethodWorker.java:148)
	at org.testng.internal.invokers.TestMethodWorker.run(TestMethodWorker.java:128)
	at java.base/java.util.ArrayList.forEach(ArrayList.java:1511)
	at org.testng.TestRunner.privateRun(TestRunner.java:848)
	at org.testng.TestRunner.run(TestRunner.java:621)
	at org.testng.SuiteRunner.runTest(SuiteRunner.java:443)
	at org.testng.SuiteRunner.runSequentially(SuiteRunner.java:437)
	at org.testng.SuiteRunner.privateRun(SuiteRunner.java:397)
	at org.testng.SuiteRunner.run(SuiteRunner.java:336)
	at org.testng.SuiteRunnerWorker.runSuite(SuiteRunnerWorker.java:52)
	at org.testng.SuiteRunnerWorker.run(SuiteRunnerWorker.java:95)
	at org.testng.TestNG.runSuitesSequentially(TestNG.java:1280)
	at org.testng.TestNG.runSuitesLocally(TestNG.java:1200)
	at org.testng.TestNG.runSuites(TestNG.java:1114)
	at org.testng.TestNG.run(TestNG.java:1082)
	at org.testng.remote.AbstractRemoteTestNG.run(AbstractRemoteTestNG.java:115)
	at org.testng.remote.RemoteTestNG.initAndRun(RemoteTestNG.java:251)
	at org.testng.remote.RemoteTestNG.main(RemoteTestNG.java:77)
</pre></div></td>
<td>1</td>
<td>v2.Get.api.MeasurementImagebyID@3e62d773</td></tr>
<tr>
<td title='v2.Get.api.MeasurementImagebyID.testNoImageFound()'><b>testNoImageFound</b><br>Test class: v2.Get.api.MeasurementImagebyID</td>
<td><div><pre>org.testng.TestNGException: 
Parameter &apos;InvalidImageId&apos; is required by @Test on method testNoImageFound but has not been marked @Optional or defined
in /home/usha/Music/WebserviceAutomation/testng.xml
	at java.base/java.util.ArrayList.forEach(ArrayList.java:1511)
... Removed 26 stack frames</pre></div><a href='#' onClick='toggleBox("stack-trace103996481", this, "Click to show all stack frames", "Click to hide stack frames")'>Click to show all stack frames</a>
<div class='stack-trace' id='stack-trace103996481'><pre>org.testng.TestNGException: 
Parameter &apos;InvalidImageId&apos; is required by @Test on method testNoImageFound but has not been marked @Optional or defined
in /home/usha/Music/WebserviceAutomation/testng.xml
	at org.testng.internal.Parameters.createParams(Parameters.java:267)
	at org.testng.internal.Parameters.createParametersForMethod(Parameters.java:355)
	at org.testng.internal.Parameters.createParameters(Parameters.java:684)
	at org.testng.internal.Parameters.handleParameters(Parameters.java:879)
	at org.testng.internal.Parameters.handleParameters(Parameters.java:728)
	at org.testng.internal.invokers.ParameterHandler.handleParameters(ParameterHandler.java:72)
	at org.testng.internal.invokers.ParameterHandler.createParameters(ParameterHandler.java:51)
	at org.testng.internal.invokers.TestInvoker$MethodInvocationAgent.invoke(TestInvoker.java:911)
	at org.testng.internal.invokers.TestInvoker.invokeTestMethods(TestInvoker.java:200)
	at org.testng.internal.invokers.TestMethodWorker.invokeTestMethods(TestMethodWorker.java:148)
	at org.testng.internal.invokers.TestMethodWorker.run(TestMethodWorker.java:128)
	at java.base/java.util.ArrayList.forEach(ArrayList.java:1511)
	at org.testng.TestRunner.privateRun(TestRunner.java:848)
	at org.testng.TestRunner.run(TestRunner.java:621)
	at org.testng.SuiteRunner.runTest(SuiteRunner.java:443)
	at org.testng.SuiteRunner.runSequentially(SuiteRunner.java:437)
	at org.testng.SuiteRunner.privateRun(SuiteRunner.java:397)
	at org.testng.SuiteRunner.run(SuiteRunner.java:336)
	at org.testng.SuiteRunnerWorker.runSuite(SuiteRunnerWorker.java:52)
	at org.testng.SuiteRunnerWorker.run(SuiteRunnerWorker.java:95)
	at org.testng.TestNG.runSuitesSequentially(TestNG.java:1280)
	at org.testng.TestNG.runSuitesLocally(TestNG.java:1200)
	at org.testng.TestNG.runSuites(TestNG.java:1114)
	at org.testng.TestNG.run(TestNG.java:1082)
	at org.testng.remote.AbstractRemoteTestNG.run(AbstractRemoteTestNG.java:115)
	at org.testng.remote.RemoteTestNG.initAndRun(RemoteTestNG.java:251)
	at org.testng.remote.RemoteTestNG.main(RemoteTestNG.java:77)
</pre></div></td>
<td>0</td>
<td>v2.Get.api.MeasurementImagebyID@3e62d773</td></tr>
<tr>
<td title='v2.Get.api.GetMeasurementDataById.assertJsonfileToResponseBody()'><b>assertJsonfileToResponseBody</b><br>Test class: v2.Get.api.GetMeasurementDataById</td>
<td><div><pre>java.lang.AssertionError: Date value for key &apos;scanned_time&apos; does not match the expected value.
	at v2.Get.api.GetMeasurementDataById.compareResponseWithExternalData(GetMeasurementDataById.java:139)
	at v2.Get.api.GetMeasurementDataById.assertJsonfileToResponseBody(GetMeasurementDataById.java:58)
	at java.base/java.util.ArrayList.forEach(ArrayList.java:1511)
... Removed 28 stack frames</pre></div><a href='#' onClick='toggleBox("stack-trace6987253", this, "Click to show all stack frames", "Click to hide stack frames")'>Click to show all stack frames</a>
<div class='stack-trace' id='stack-trace6987253'><pre>java.lang.AssertionError: Date value for key &apos;scanned_time&apos; does not match the expected value.
	at org.testng.Assert.fail(Assert.java:111)
	at v2.Get.api.GetMeasurementDataById.compareResponseWithExternalData(GetMeasurementDataById.java:139)
	at v2.Get.api.GetMeasurementDataById.assertJsonfileToResponseBody(GetMeasurementDataById.java:58)
	at java.base/jdk.internal.reflect.NativeMethodAccessorImpl.invoke0(Native Method)
	at java.base/jdk.internal.reflect.NativeMethodAccessorImpl.invoke(NativeMethodAccessorImpl.java:77)
	at java.base/jdk.internal.reflect.DelegatingMethodAccessorImpl.invoke(DelegatingMethodAccessorImpl.java:43)
	at java.base/java.lang.reflect.Method.invoke(Method.java:568)
	at org.testng.internal.invokers.MethodInvocationHelper.invokeMethod(MethodInvocationHelper.java:139)
	at org.testng.internal.invokers.TestInvoker.invokeMethod(TestInvoker.java:664)
	at org.testng.internal.invokers.TestInvoker.invokeTestMethod(TestInvoker.java:227)
	at org.testng.internal.invokers.MethodRunner.runInSequence(MethodRunner.java:50)
	at org.testng.internal.invokers.TestInvoker$MethodInvocationAgent.invoke(TestInvoker.java:957)
	at org.testng.internal.invokers.TestInvoker.invokeTestMethods(TestInvoker.java:200)
	at org.testng.internal.invokers.TestMethodWorker.invokeTestMethods(TestMethodWorker.java:148)
	at org.testng.internal.invokers.TestMethodWorker.run(TestMethodWorker.java:128)
	at java.base/java.util.ArrayList.forEach(ArrayList.java:1511)
	at org.testng.TestRunner.privateRun(TestRunner.java:848)
	at org.testng.TestRunner.run(TestRunner.java:621)
	at org.testng.SuiteRunner.runTest(SuiteRunner.java:443)
	at org.testng.SuiteRunner.runSequentially(SuiteRunner.java:437)
	at org.testng.SuiteRunner.privateRun(SuiteRunner.java:397)
	at org.testng.SuiteRunner.run(SuiteRunner.java:336)
	at org.testng.SuiteRunnerWorker.runSuite(SuiteRunnerWorker.java:52)
	at org.testng.SuiteRunnerWorker.run(SuiteRunnerWorker.java:95)
	at org.testng.TestNG.runSuitesSequentially(TestNG.java:1280)
	at org.testng.TestNG.runSuitesLocally(TestNG.java:1200)
	at org.testng.TestNG.runSuites(TestNG.java:1114)
	at org.testng.TestNG.run(TestNG.java:1082)
	at org.testng.remote.AbstractRemoteTestNG.run(AbstractRemoteTestNG.java:115)
	at org.testng.remote.RemoteTestNG.initAndRun(RemoteTestNG.java:251)
	at org.testng.remote.RemoteTestNG.main(RemoteTestNG.java:77)
</pre></div></td>
<td>1</td>
<td>v2.Get.api.GetMeasurementDataById@53f3bdbd</td></tr>
</table><p>
<table width='100%' border='1' class='invocation-passed'>
<tr><td colspan='4' align='center'><b>PASSED TESTS</b></td></tr>
<tr><td><b>Test method</b></td>
<td><b>Attribute(s)</b></td>
<td width="30%"><b>Exception</b></td>
<td width="10%"><b>Time (seconds)</b></td>
<td><b>Instance</b></td>
</tr>
<tr>
<td title='v2.Get.api.LatestMeasurementImage.notFound()'><b>notFound</b><br>Test class: v2.Get.api.LatestMeasurementImage</td>
<td></td>
<td>1</td>
<td>v2.Get.api.LatestMeasurementImage@6c7a164b</td></tr>
<tr>
<td title='v2.Get.api.GetMeasurementDatabyRange.assertthedaterange()'><b>assertthedaterange</b><br>Test class: v2.Get.api.GetMeasurementDatabyRange</td>
<td></td>
<td>1</td>
<td>v2.Get.api.GetMeasurementDatabyRange@34129c78</td></tr>
<tr>
<td title='v2.Get.api.GetMeasurementDataById.verifybadRequest()'><b>verifybadRequest</b><br>Test class: v2.Get.api.GetMeasurementDataById</td>
<td></td>
<td>3</td>
<td>v2.Get.api.GetMeasurementDataById@53f3bdbd</td></tr>
<tr>
<td title='v2.Get.api.GetMeasurementDatabyRange.invalidFromOrToValue()'><b>invalidFromOrToValue</b><br>Test class: v2.Get.api.GetMeasurementDatabyRange</td>
<td></td>
<td>5</td>
<td>v2.Get.api.GetMeasurementDatabyRange@34129c78</td></tr>
<tr>
<td title='v2.Get.api.GetMeasurementDatabyRange.Unauthorized()'><b>Unauthorized</b><br>Test class: v2.Get.api.GetMeasurementDatabyRange</td>
<td></td>
<td>2</td>
<td>v2.Get.api.GetMeasurementDatabyRange@34129c78</td></tr>
<tr>
<td title='v2.Get.api.LatestMeasurementImage.Latestmeasurementimage()'><b>Latestmeasurementimage</b><br>Test class: v2.Get.api.LatestMeasurementImage</td>
<td></td>
<td>1</td>
<td>v2.Get.api.LatestMeasurementImage@6c7a164b</td></tr>
<tr>
<td title='v2.Get.api.MeasurementImagebyID.Unauthorized()'><b>Unauthorized</b><br>Test class: v2.Get.api.MeasurementImagebyID</td>
<td></td>
<td>1</td>
<td>v2.Get.api.MeasurementImagebyID@3e62d773</td></tr>
<tr>
<td title='v2.Get.api.ListMeasurementIDandDates.ScanIdList()'><b>ScanIdList</b><br>Test class: v2.Get.api.ListMeasurementIDandDates</td>
<td></td>
<td>1</td>
<td>v2.Get.api.ListMeasurementIDandDates@4c2bb6e0</td></tr>
<tr>
<td title='v2.Get.api.ListMeasurementIDandDates.Notfound()'><b>Notfound</b><br>Test class: v2.Get.api.ListMeasurementIDandDates</td>
<td></td>
<td>1</td>
<td>v2.Get.api.ListMeasurementIDandDates@4c2bb6e0</td></tr>
<tr>
<td title='v2.Get.api.LatestMeasurementImage.Unauthorized()'><b>Unauthorized</b><br>Test class: v2.Get.api.LatestMeasurementImage</td>
<td></td>
<td>1</td>
<td>v2.Get.api.LatestMeasurementImage@6c7a164b</td></tr>
<tr>
<td title='v2.Get.api.GetMeasurementDataById.verifyunauthorized()'><b>verifyunauthorized</b><br>Test class: v2.Get.api.GetMeasurementDataById</td>
<td></td>
<td>2</td>
<td>v2.Get.api.GetMeasurementDataById@53f3bdbd</td></tr>
<tr>
<td title='v2.Get.api.GetMeasurementDatabyRange.invalidRangeValue()'><b>invalidRangeValue</b><br>Test class: v2.Get.api.GetMeasurementDatabyRange</td>
<td></td>
<td>1</td>
<td>v2.Get.api.GetMeasurementDatabyRange@34129c78</td></tr>
<tr>
<td title='v2.Get.api.ListMeasurementIDandDates.Unauthorized()'><b>Unauthorized</b><br>Test class: v2.Get.api.ListMeasurementIDandDates</td>
<td></td>
<td>1</td>
<td>v2.Get.api.ListMeasurementIDandDates@4c2bb6e0</td></tr>
</table><p>
</body>
</html>